<?xml version="1.0" encoding="UTF-8"?>
<testsuite xmlns:xsi="http://www.w3.org/2001/XMLSchema-instance" xsi:noNamespaceSchemaLocation="https://maven.apache.org/surefire/maven-surefire-plugin/xsd/surefire-test-report.xsd" name="com.leyou.httpdemo.HttpTests" time="5.314" tests="3" errors="2" skipped="0" failures="0">
  <properties>
    <property name="sun.desktop" value="windows"/>
    <property name="awt.toolkit" value="sun.awt.windows.WToolkit"/>
    <property name="file.encoding.pkg" value="sun.io"/>
    <property name="java.specification.version" value="1.8"/>
    <property name="sun.cpu.isalist" value="amd64"/>
    <property name="sun.jnu.encoding" value="GBK"/>
    <property name="java.class.path" value="D:\IdeaProjects\code\demo\http-demo\target\test-classes;D:\IdeaProjects\code\demo\http-demo\target\classes;D:\maven\rep_boot\org\springframework\boot\spring-boot-starter\2.0.1.RELEASE\spring-boot-starter-2.0.1.RELEASE.jar;D:\maven\rep_boot\org\springframework\boot\spring-boot\2.0.1.RELEASE\spring-boot-2.0.1.RELEASE.jar;D:\maven\rep_boot\org\springframework\spring-context\5.0.5.RELEASE\spring-context-5.0.5.RELEASE.jar;D:\maven\rep_boot\org\springframework\boot\spring-boot-starter-logging\2.0.1.RELEASE\spring-boot-starter-logging-2.0.1.RELEASE.jar;D:\maven\rep_boot\ch\qos\logback\logback-classic\1.2.3\logback-classic-1.2.3.jar;D:\maven\rep_boot\ch\qos\logback\logback-core\1.2.3\logback-core-1.2.3.jar;D:\maven\rep_boot\org\apache\logging\log4j\log4j-to-slf4j\2.10.0\log4j-to-slf4j-2.10.0.jar;D:\maven\rep_boot\org\apache\logging\log4j\log4j-api\2.10.0\log4j-api-2.10.0.jar;D:\maven\rep_boot\org\slf4j\jul-to-slf4j\1.7.25\jul-to-slf4j-1.7.25.jar;D:\maven\rep_boot\javax\annotation\javax.annotation-api\1.3.2\javax.annotation-api-1.3.2.jar;D:\maven\rep_boot\org\springframework\spring-core\5.0.5.RELEASE\spring-core-5.0.5.RELEASE.jar;D:\maven\rep_boot\org\springframework\spring-jcl\5.0.5.RELEASE\spring-jcl-5.0.5.RELEASE.jar;D:\maven\rep_boot\org\yaml\snakeyaml\1.19\snakeyaml-1.19.jar;D:\maven\rep_boot\org\springframework\boot\spring-boot-starter-test\2.0.1.RELEASE\spring-boot-starter-test-2.0.1.RELEASE.jar;D:\maven\rep_boot\org\springframework\boot\spring-boot-test\2.0.1.RELEASE\spring-boot-test-2.0.1.RELEASE.jar;D:\maven\rep_boot\org\springframework\boot\spring-boot-test-autoconfigure\2.0.1.RELEASE\spring-boot-test-autoconfigure-2.0.1.RELEASE.jar;D:\maven\rep_boot\com\jayway\jsonpath\json-path\2.4.0\json-path-2.4.0.jar;D:\maven\rep_boot\net\minidev\json-smart\2.3\json-smart-2.3.jar;D:\maven\rep_boot\net\minidev\accessors-smart\1.2\accessors-smart-1.2.jar;D:\maven\rep_boot\org\ow2\asm\asm\5.0.4\asm-5.0.4.jar;D:\maven\rep_boot\org\slf4j\slf4j-api\1.7.25\slf4j-api-1.7.25.jar;D:\maven\rep_boot\junit\junit\4.12\junit-4.12.jar;D:\maven\rep_boot\org\assertj\assertj-core\3.9.1\assertj-core-3.9.1.jar;D:\maven\rep_boot\org\mockito\mockito-core\2.15.0\mockito-core-2.15.0.jar;D:\maven\rep_boot\net\bytebuddy\byte-buddy\1.7.11\byte-buddy-1.7.11.jar;D:\maven\rep_boot\net\bytebuddy\byte-buddy-agent\1.7.11\byte-buddy-agent-1.7.11.jar;D:\maven\rep_boot\org\objenesis\objenesis\2.6\objenesis-2.6.jar;D:\maven\rep_boot\org\hamcrest\hamcrest-core\1.3\hamcrest-core-1.3.jar;D:\maven\rep_boot\org\hamcrest\hamcrest-library\1.3\hamcrest-library-1.3.jar;D:\maven\rep_boot\org\skyscreamer\jsonassert\1.5.0\jsonassert-1.5.0.jar;D:\maven\rep_boot\com\vaadin\external\google\android-json\0.0.20131108.vaadin1\android-json-0.0.20131108.vaadin1.jar;D:\maven\rep_boot\org\springframework\spring-test\5.0.5.RELEASE\spring-test-5.0.5.RELEASE.jar;D:\maven\rep_boot\org\xmlunit\xmlunit-core\2.5.1\xmlunit-core-2.5.1.jar;D:\maven\rep_boot\org\apache\httpcomponents\httpclient\4.5.1\httpclient-4.5.1.jar;D:\maven\rep_boot\org\apache\httpcomponents\httpcore\4.4.9\httpcore-4.4.9.jar;D:\maven\rep_boot\commons-codec\commons-codec\1.11\commons-codec-1.11.jar;D:\maven\rep_boot\org\springframework\boot\spring-boot-starter-web\2.0.1.RELEASE\spring-boot-starter-web-2.0.1.RELEASE.jar;D:\maven\rep_boot\org\springframework\boot\spring-boot-starter-json\2.0.1.RELEASE\spring-boot-starter-json-2.0.1.RELEASE.jar;D:\maven\rep_boot\com\fasterxml\jackson\core\jackson-databind\2.9.5\jackson-databind-2.9.5.jar;D:\maven\rep_boot\com\fasterxml\jackson\core\jackson-annotations\2.9.0\jackson-annotations-2.9.0.jar;D:\maven\rep_boot\com\fasterxml\jackson\core\jackson-core\2.9.5\jackson-core-2.9.5.jar;D:\maven\rep_boot\com\fasterxml\jackson\datatype\jackson-datatype-jdk8\2.9.5\jackson-datatype-jdk8-2.9.5.jar;D:\maven\rep_boot\com\fasterxml\jackson\datatype\jackson-datatype-jsr310\2.9.5\jackson-datatype-jsr310-2.9.5.jar;D:\maven\rep_boot\com\fasterxml\jackson\module\jackson-module-parameter-names\2.9.5\jackson-module-parameter-names-2.9.5.jar;D:\maven\rep_boot\org\springframework\boot\spring-boot-starter-tomcat\2.0.1.RELEASE\spring-boot-starter-tomcat-2.0.1.RELEASE.jar;D:\maven\rep_boot\org\apache\tomcat\embed\tomcat-embed-core\8.5.29\tomcat-embed-core-8.5.29.jar;D:\maven\rep_boot\org\apache\tomcat\embed\tomcat-embed-el\8.5.29\tomcat-embed-el-8.5.29.jar;D:\maven\rep_boot\org\apache\tomcat\embed\tomcat-embed-websocket\8.5.29\tomcat-embed-websocket-8.5.29.jar;D:\maven\rep_boot\org\hibernate\validator\hibernate-validator\6.0.9.Final\hibernate-validator-6.0.9.Final.jar;D:\maven\rep_boot\javax\validation\validation-api\2.0.1.Final\validation-api-2.0.1.Final.jar;D:\maven\rep_boot\org\jboss\logging\jboss-logging\3.3.2.Final\jboss-logging-3.3.2.Final.jar;D:\maven\rep_boot\com\fasterxml\classmate\1.3.4\classmate-1.3.4.jar;D:\maven\rep_boot\org\springframework\spring-web\5.0.5.RELEASE\spring-web-5.0.5.RELEASE.jar;D:\maven\rep_boot\org\springframework\spring-webmvc\5.0.5.RELEASE\spring-webmvc-5.0.5.RELEASE.jar;D:\maven\rep_boot\org\springframework\spring-aop\5.0.5.RELEASE\spring-aop-5.0.5.RELEASE.jar;D:\maven\rep_boot\org\springframework\spring-expression\5.0.5.RELEASE\spring-expression-5.0.5.RELEASE.jar;D:\maven\rep_boot\org\springframework\boot\spring-boot-autoconfigure\2.3.1.RELEASE\spring-boot-autoconfigure-2.3.1.RELEASE.jar;D:\maven\rep_boot\org\springframework\spring-beans\5.2.7.RELEASE\spring-beans-5.2.7.RELEASE.jar;"/>
    <property name="java.vm.vendor" value="Oracle Corporation"/>
    <property name="sun.arch.data.model" value="64"/>
    <property name="user.variant" value=""/>
    <property name="java.vendor.url" value="http://java.oracle.com/"/>
    <property name="user.timezone" value=""/>
    <property name="java.vm.specification.version" value="1.8"/>
    <property name="os.name" value="Windows 10"/>
    <property name="user.country" value="CN"/>
    <property name="sun.java.launcher" value="SUN_STANDARD"/>
    <property name="sun.boot.library.path" value="D:\programfiles\jdk864\jdk1.8.0_111\jre\bin"/>
    <property name="sun.java.command" value="C:\Users\朱君\AppData\Local\Temp\surefire7066127573232600129\surefirebooter1475773113647768328.jar C:\Users\朱君\AppData\Local\Temp\surefire7066127573232600129 2020-08-12T22-21-56_737-jvmRun1 surefire128136841885327654tmp surefire_01028401124045536830tmp"/>
    <property name="surefire.test.class.path" value="D:\IdeaProjects\code\demo\http-demo\target\test-classes;D:\IdeaProjects\code\demo\http-demo\target\classes;D:\maven\rep_boot\org\springframework\boot\spring-boot-starter\2.0.1.RELEASE\spring-boot-starter-2.0.1.RELEASE.jar;D:\maven\rep_boot\org\springframework\boot\spring-boot\2.0.1.RELEASE\spring-boot-2.0.1.RELEASE.jar;D:\maven\rep_boot\org\springframework\spring-context\5.0.5.RELEASE\spring-context-5.0.5.RELEASE.jar;D:\maven\rep_boot\org\springframework\boot\spring-boot-starter-logging\2.0.1.RELEASE\spring-boot-starter-logging-2.0.1.RELEASE.jar;D:\maven\rep_boot\ch\qos\logback\logback-classic\1.2.3\logback-classic-1.2.3.jar;D:\maven\rep_boot\ch\qos\logback\logback-core\1.2.3\logback-core-1.2.3.jar;D:\maven\rep_boot\org\apache\logging\log4j\log4j-to-slf4j\2.10.0\log4j-to-slf4j-2.10.0.jar;D:\maven\rep_boot\org\apache\logging\log4j\log4j-api\2.10.0\log4j-api-2.10.0.jar;D:\maven\rep_boot\org\slf4j\jul-to-slf4j\1.7.25\jul-to-slf4j-1.7.25.jar;D:\maven\rep_boot\javax\annotation\javax.annotation-api\1.3.2\javax.annotation-api-1.3.2.jar;D:\maven\rep_boot\org\springframework\spring-core\5.0.5.RELEASE\spring-core-5.0.5.RELEASE.jar;D:\maven\rep_boot\org\springframework\spring-jcl\5.0.5.RELEASE\spring-jcl-5.0.5.RELEASE.jar;D:\maven\rep_boot\org\yaml\snakeyaml\1.19\snakeyaml-1.19.jar;D:\maven\rep_boot\org\springframework\boot\spring-boot-starter-test\2.0.1.RELEASE\spring-boot-starter-test-2.0.1.RELEASE.jar;D:\maven\rep_boot\org\springframework\boot\spring-boot-test\2.0.1.RELEASE\spring-boot-test-2.0.1.RELEASE.jar;D:\maven\rep_boot\org\springframework\boot\spring-boot-test-autoconfigure\2.0.1.RELEASE\spring-boot-test-autoconfigure-2.0.1.RELEASE.jar;D:\maven\rep_boot\com\jayway\jsonpath\json-path\2.4.0\json-path-2.4.0.jar;D:\maven\rep_boot\net\minidev\json-smart\2.3\json-smart-2.3.jar;D:\maven\rep_boot\net\minidev\accessors-smart\1.2\accessors-smart-1.2.jar;D:\maven\rep_boot\org\ow2\asm\asm\5.0.4\asm-5.0.4.jar;D:\maven\rep_boot\org\slf4j\slf4j-api\1.7.25\slf4j-api-1.7.25.jar;D:\maven\rep_boot\junit\junit\4.12\junit-4.12.jar;D:\maven\rep_boot\org\assertj\assertj-core\3.9.1\assertj-core-3.9.1.jar;D:\maven\rep_boot\org\mockito\mockito-core\2.15.0\mockito-core-2.15.0.jar;D:\maven\rep_boot\net\bytebuddy\byte-buddy\1.7.11\byte-buddy-1.7.11.jar;D:\maven\rep_boot\net\bytebuddy\byte-buddy-agent\1.7.11\byte-buddy-agent-1.7.11.jar;D:\maven\rep_boot\org\objenesis\objenesis\2.6\objenesis-2.6.jar;D:\maven\rep_boot\org\hamcrest\hamcrest-core\1.3\hamcrest-core-1.3.jar;D:\maven\rep_boot\org\hamcrest\hamcrest-library\1.3\hamcrest-library-1.3.jar;D:\maven\rep_boot\org\skyscreamer\jsonassert\1.5.0\jsonassert-1.5.0.jar;D:\maven\rep_boot\com\vaadin\external\google\android-json\0.0.20131108.vaadin1\android-json-0.0.20131108.vaadin1.jar;D:\maven\rep_boot\org\springframework\spring-test\5.0.5.RELEASE\spring-test-5.0.5.RELEASE.jar;D:\maven\rep_boot\org\xmlunit\xmlunit-core\2.5.1\xmlunit-core-2.5.1.jar;D:\maven\rep_boot\org\apache\httpcomponents\httpclient\4.5.1\httpclient-4.5.1.jar;D:\maven\rep_boot\org\apache\httpcomponents\httpcore\4.4.9\httpcore-4.4.9.jar;D:\maven\rep_boot\commons-codec\commons-codec\1.11\commons-codec-1.11.jar;D:\maven\rep_boot\org\springframework\boot\spring-boot-starter-web\2.0.1.RELEASE\spring-boot-starter-web-2.0.1.RELEASE.jar;D:\maven\rep_boot\org\springframework\boot\spring-boot-starter-json\2.0.1.RELEASE\spring-boot-starter-json-2.0.1.RELEASE.jar;D:\maven\rep_boot\com\fasterxml\jackson\core\jackson-databind\2.9.5\jackson-databind-2.9.5.jar;D:\maven\rep_boot\com\fasterxml\jackson\core\jackson-annotations\2.9.0\jackson-annotations-2.9.0.jar;D:\maven\rep_boot\com\fasterxml\jackson\core\jackson-core\2.9.5\jackson-core-2.9.5.jar;D:\maven\rep_boot\com\fasterxml\jackson\datatype\jackson-datatype-jdk8\2.9.5\jackson-datatype-jdk8-2.9.5.jar;D:\maven\rep_boot\com\fasterxml\jackson\datatype\jackson-datatype-jsr310\2.9.5\jackson-datatype-jsr310-2.9.5.jar;D:\maven\rep_boot\com\fasterxml\jackson\module\jackson-module-parameter-names\2.9.5\jackson-module-parameter-names-2.9.5.jar;D:\maven\rep_boot\org\springframework\boot\spring-boot-starter-tomcat\2.0.1.RELEASE\spring-boot-starter-tomcat-2.0.1.RELEASE.jar;D:\maven\rep_boot\org\apache\tomcat\embed\tomcat-embed-core\8.5.29\tomcat-embed-core-8.5.29.jar;D:\maven\rep_boot\org\apache\tomcat\embed\tomcat-embed-el\8.5.29\tomcat-embed-el-8.5.29.jar;D:\maven\rep_boot\org\apache\tomcat\embed\tomcat-embed-websocket\8.5.29\tomcat-embed-websocket-8.5.29.jar;D:\maven\rep_boot\org\hibernate\validator\hibernate-validator\6.0.9.Final\hibernate-validator-6.0.9.Final.jar;D:\maven\rep_boot\javax\validation\validation-api\2.0.1.Final\validation-api-2.0.1.Final.jar;D:\maven\rep_boot\org\jboss\logging\jboss-logging\3.3.2.Final\jboss-logging-3.3.2.Final.jar;D:\maven\rep_boot\com\fasterxml\classmate\1.3.4\classmate-1.3.4.jar;D:\maven\rep_boot\org\springframework\spring-web\5.0.5.RELEASE\spring-web-5.0.5.RELEASE.jar;D:\maven\rep_boot\org\springframework\spring-webmvc\5.0.5.RELEASE\spring-webmvc-5.0.5.RELEASE.jar;D:\maven\rep_boot\org\springframework\spring-aop\5.0.5.RELEASE\spring-aop-5.0.5.RELEASE.jar;D:\maven\rep_boot\org\springframework\spring-expression\5.0.5.RELEASE\spring-expression-5.0.5.RELEASE.jar;D:\maven\rep_boot\org\springframework\boot\spring-boot-autoconfigure\2.3.1.RELEASE\spring-boot-autoconfigure-2.3.1.RELEASE.jar;D:\maven\rep_boot\org\springframework\spring-beans\5.2.7.RELEASE\spring-beans-5.2.7.RELEASE.jar;"/>
    <property name="sun.cpu.endian" value="little"/>
    <property name="user.home" value="C:\Users\朱君"/>
    <property name="user.language" value="zh"/>
    <property name="java.specification.vendor" value="Oracle Corporation"/>
    <property name="java.home" value="D:\programfiles\jdk864\jdk1.8.0_111\jre"/>
    <property name="basedir" value="D:\IdeaProjects\code\demo\http-demo"/>
    <property name="file.separator" value="\"/>
    <property name="line.separator" value="&#10;"/>
    <property name="java.vm.specification.vendor" value="Oracle Corporation"/>
    <property name="java.specification.name" value="Java Platform API Specification"/>
    <property name="java.awt.graphicsenv" value="sun.awt.Win32GraphicsEnvironment"/>
    <property name="surefire.real.class.path" value="C:\Users\朱君\AppData\Local\Temp\surefire7066127573232600129\surefirebooter1475773113647768328.jar"/>
    <property name="sun.boot.class.path" value="D:\programfiles\jdk864\jdk1.8.0_111\jre\lib\resources.jar;D:\programfiles\jdk864\jdk1.8.0_111\jre\lib\rt.jar;D:\programfiles\jdk864\jdk1.8.0_111\jre\lib\sunrsasign.jar;D:\programfiles\jdk864\jdk1.8.0_111\jre\lib\jsse.jar;D:\programfiles\jdk864\jdk1.8.0_111\jre\lib\jce.jar;D:\programfiles\jdk864\jdk1.8.0_111\jre\lib\charsets.jar;D:\programfiles\jdk864\jdk1.8.0_111\jre\lib\jfr.jar;D:\programfiles\jdk864\jdk1.8.0_111\jre\classes"/>
    <property name="user.script" value=""/>
    <property name="sun.management.compiler" value="HotSpot 64-Bit Tiered Compilers"/>
    <property name="java.runtime.version" value="1.8.0_111-b14"/>
    <property name="user.name" value="朱君"/>
    <property name="path.separator" value=";"/>
    <property name="os.version" value="10.0"/>
    <property name="java.endorsed.dirs" value="D:\programfiles\jdk864\jdk1.8.0_111\jre\lib\endorsed"/>
    <property name="java.runtime.name" value="Java(TM) SE Runtime Environment"/>
    <property name="file.encoding" value="GBK"/>
    <property name="java.vm.name" value="Java HotSpot(TM) 64-Bit Server VM"/>
    <property name="localRepository" value="D:\maven\rep_boot"/>
    <property name="java.vendor.url.bug" value="http://bugreport.sun.com/bugreport/"/>
    <property name="java.io.tmpdir" value="C:\Users\朱君\AppData\Local\Temp\"/>
    <property name="java.version" value="1.8.0_111"/>
    <property name="user.dir" value="D:\IdeaProjects\code\demo\http-demo"/>
    <property name="os.arch" value="amd64"/>
    <property name="java.vm.specification.name" value="Java Virtual Machine Specification"/>
    <property name="java.awt.printerjob" value="sun.awt.windows.WPrinterJob"/>
    <property name="sun.os.patch.level" value=""/>
    <property name="idea.version2019.3.3" value="true"/>
    <property name="java.library.path" value="D:\programfiles\jdk864\jdk1.8.0_111\jre\bin;C:\WINDOWS\Sun\Java\bin;C:\WINDOWS\system32;C:\WINDOWS;D:\oracle\product\11.2.0\dbhome_1\bin;C:\Windows\system32;C:\Windows;C:\Windows\System32\Wbem;C:\Windows\System32\WindowsPowerShell\v1.0\;C:\Program Files (x86)\NVIDIA Corporation\PhysX\Common;C:\WINDOWS\system32;C:\WINDOWS;C:\WINDOWS\System32\Wbem;C:\WINDOWS\System32\WindowsPowerShell\v1.0\;C:\WINDOWS\System32\OpenSSH\;C:\Program Files (x86)\Intel\Intel(R) Management Engine Components\DAL;C:\Program Files\Intel\Intel(R) Management Engine Components\DAL;D:\programfiles\jdk864\jdk1.8.0_111\bin;D:\tomcat9\lib;D:\tomcat9\bin;D:\maven\apache-maven-3.5.2\bin;D:\mysql\mysql_20160908\bin;C:\Program Files\Intel\WiFi\bin\;C:\Program Files\Common Files\Intel\WirelessCommon\;C:\Program Files\Git\cmd;C:\Program Files\TortoiseGit\bin;C:\Program Files\VisualSVN Server\bin;C:\Program Files\TortoiseSVN\bin;C:\Users\朱君\AppData\Local\Microsoft\WindowsApps;;D:\altera\13.1\modelsim_ase\win32aloem;D:\altera\13.1s\modelsim_ase\win32aloem;."/>
    <property name="java.vm.info" value="mixed mode"/>
    <property name="java.vendor" value="Oracle Corporation"/>
    <property name="java.vm.version" value="25.111-b14"/>
    <property name="java.ext.dirs" value="D:\programfiles\jdk864\jdk1.8.0_111\jre\lib\ext;C:\WINDOWS\Sun\Java\lib\ext"/>
    <property name="sun.io.unicode.encoding" value="UnicodeLittle"/>
    <property name="maven.repo.local" value="D:\maven\rep_boot"/>
    <property name="java.class.version" value="52.0"/>
  </properties>
  <testcase name="testGet" classname="com.leyou.httpdemo.HttpTests" time="1.034"/>
  <testcase name="testPost" classname="com.leyou.httpdemo.HttpTests" time="0.245">
    <error message="Moved Permanently" type="org.apache.http.client.HttpResponseException">org.apache.http.client.HttpResponseException: Moved Permanently
	at com.leyou.httpdemo.HttpTests.testPost(HttpTests.java:34)
</error>
    <system-out><![CDATA[22:22:01.135 [main] DEBUG org.apache.http.client.protocol.RequestAddCookies - CookieSpec selected: default
22:22:01.136 [main] DEBUG org.apache.http.client.protocol.RequestAuthCache - Auth cache not set in the context
22:22:01.137 [main] DEBUG org.apache.http.impl.conn.PoolingHttpClientConnectionManager - Connection request: [route: {}->http://www.oschina.net:80][total kept alive: 0; route allocated: 0 of 2; total allocated: 0 of 20]
22:22:01.137 [main] DEBUG org.apache.http.impl.conn.PoolingHttpClientConnectionManager - Connection leased: [id: 1][route: {}->http://www.oschina.net:80][total kept alive: 0; route allocated: 1 of 2; total allocated: 1 of 20]
22:22:01.137 [main] DEBUG org.apache.http.impl.execchain.MainClientExec - Opening connection {}->http://www.oschina.net:80
22:22:01.210 [main] DEBUG org.apache.http.impl.conn.DefaultHttpClientConnectionOperator - Connecting to www.oschina.net/212.64.62.183:80
22:22:01.281 [main] DEBUG org.apache.http.impl.conn.DefaultHttpClientConnectionOperator - Connection established 192.168.1.109:50344<->212.64.62.183:80
22:22:01.281 [main] DEBUG org.apache.http.impl.execchain.MainClientExec - Executing request POST / HTTP/1.1
22:22:01.281 [main] DEBUG org.apache.http.impl.execchain.MainClientExec - Target auth state: UNCHALLENGED
22:22:01.281 [main] DEBUG org.apache.http.impl.execchain.MainClientExec - Proxy auth state: UNCHALLENGED
22:22:01.281 [main] DEBUG org.apache.http.headers - http-outgoing-1 >> POST / HTTP/1.1
22:22:01.281 [main] DEBUG org.apache.http.headers - http-outgoing-1 >> User-Agent: Mozilla/5.0 (Windows NT 10.0; WOW64) AppleWebKit/537.36 (KHTML, like Gecko) Chrome/56.0.2924.87 Safari/537.36
22:22:01.281 [main] DEBUG org.apache.http.headers - http-outgoing-1 >> Content-Length: 0
22:22:01.281 [main] DEBUG org.apache.http.headers - http-outgoing-1 >> Host: www.oschina.net
22:22:01.281 [main] DEBUG org.apache.http.headers - http-outgoing-1 >> Connection: Keep-Alive
22:22:01.281 [main] DEBUG org.apache.http.headers - http-outgoing-1 >> Accept-Encoding: gzip,deflate
22:22:01.281 [main] DEBUG org.apache.http.wire - http-outgoing-1 >> "POST / HTTP/1.1[\r][\n]"
22:22:01.282 [main] DEBUG org.apache.http.wire - http-outgoing-1 >> "User-Agent: Mozilla/5.0 (Windows NT 10.0; WOW64) AppleWebKit/537.36 (KHTML, like Gecko) Chrome/56.0.2924.87 Safari/537.36[\r][\n]"
22:22:01.282 [main] DEBUG org.apache.http.wire - http-outgoing-1 >> "Content-Length: 0[\r][\n]"
22:22:01.282 [main] DEBUG org.apache.http.wire - http-outgoing-1 >> "Host: www.oschina.net[\r][\n]"
22:22:01.282 [main] DEBUG org.apache.http.wire - http-outgoing-1 >> "Connection: Keep-Alive[\r][\n]"
22:22:01.282 [main] DEBUG org.apache.http.wire - http-outgoing-1 >> "Accept-Encoding: gzip,deflate[\r][\n]"
22:22:01.282 [main] DEBUG org.apache.http.wire - http-outgoing-1 >> "[\r][\n]"
22:22:01.375 [main] DEBUG org.apache.http.wire - http-outgoing-1 << "HTTP/1.1 301 Moved Permanently[\r][\n]"
22:22:01.375 [main] DEBUG org.apache.http.wire - http-outgoing-1 << "Date: Wed, 12 Aug 2020 14:21:59 GMT[\r][\n]"
22:22:01.375 [main] DEBUG org.apache.http.wire - http-outgoing-1 << "Content-Type: text/html[\r][\n]"
22:22:01.375 [main] DEBUG org.apache.http.wire - http-outgoing-1 << "Content-Length: 239[\r][\n]"
22:22:01.375 [main] DEBUG org.apache.http.wire - http-outgoing-1 << "Connection: keep-alive[\r][\n]"
22:22:01.375 [main] DEBUG org.apache.http.wire - http-outgoing-1 << "Server: Tengine[\r][\n]"
22:22:01.375 [main] DEBUG org.apache.http.wire - http-outgoing-1 << "Location: https://www.oschina.net/[\r][\n]"
22:22:01.375 [main] DEBUG org.apache.http.wire - http-outgoing-1 << "[\r][\n]"
22:22:01.376 [main] DEBUG org.apache.http.wire - http-outgoing-1 << "<!DOCTYPE HTML PUBLIC "-//IETF//DTD HTML 2.0//EN">[\r][\n]"
22:22:01.376 [main] DEBUG org.apache.http.wire - http-outgoing-1 << "<html>[\r][\n]"
22:22:01.376 [main] DEBUG org.apache.http.wire - http-outgoing-1 << "<head><title>301 Moved Permanently</title></head>[\r][\n]"
22:22:01.376 [main] DEBUG org.apache.http.wire - http-outgoing-1 << "<body>[\r][\n]"
22:22:01.376 [main] DEBUG org.apache.http.wire - http-outgoing-1 << "<center><h1>301 Moved Permanently</h1></center>[\r][\n]"
22:22:01.376 [main] DEBUG org.apache.http.wire - http-outgoing-1 << "<hr/>Powered by Tengine<hr><center>tengine</center>[\r][\n]"
22:22:01.376 [main] DEBUG org.apache.http.wire - http-outgoing-1 << "</body>[\r][\n]"
22:22:01.376 [main] DEBUG org.apache.http.wire - http-outgoing-1 << "</html>[\r][\n]"
22:22:01.376 [main] DEBUG org.apache.http.headers - http-outgoing-1 << HTTP/1.1 301 Moved Permanently
22:22:01.376 [main] DEBUG org.apache.http.headers - http-outgoing-1 << Date: Wed, 12 Aug 2020 14:21:59 GMT
22:22:01.376 [main] DEBUG org.apache.http.headers - http-outgoing-1 << Content-Type: text/html
22:22:01.376 [main] DEBUG org.apache.http.headers - http-outgoing-1 << Content-Length: 239
22:22:01.376 [main] DEBUG org.apache.http.headers - http-outgoing-1 << Connection: keep-alive
22:22:01.376 [main] DEBUG org.apache.http.headers - http-outgoing-1 << Server: Tengine
22:22:01.376 [main] DEBUG org.apache.http.headers - http-outgoing-1 << Location: https://www.oschina.net/
22:22:01.376 [main] DEBUG org.apache.http.impl.execchain.MainClientExec - Connection can be kept alive indefinitely
22:22:01.377 [main] DEBUG org.apache.http.impl.conn.PoolingHttpClientConnectionManager - Connection [id: 1][route: {}->http://www.oschina.net:80] can be kept alive indefinitely
22:22:01.377 [main] DEBUG org.apache.http.impl.conn.PoolingHttpClientConnectionManager - Connection released: [id: 1][route: {}->http://www.oschina.net:80][total kept alive: 1; route allocated: 1 of 2; total allocated: 1 of 20]
]]></system-out>
  </testcase>
  <testcase name="testGetPojo" classname="com.leyou.httpdemo.HttpTests" time="4.035">
    <error message="Connect to localhost:80 [localhost/127.0.0.1, localhost/0:0:0:0:0:0:0:1] failed: Connection refused: connect" type="org.apache.http.conn.HttpHostConnectException">org.apache.http.conn.HttpHostConnectException: Connect to localhost:80 [localhost/127.0.0.1, localhost/0:0:0:0:0:0:0:1] failed: Connection refused: connect
	at com.leyou.httpdemo.HttpTests.testGetPojo(HttpTests.java:41)
Caused by: java.net.ConnectException: Connection refused: connect
	at com.leyou.httpdemo.HttpTests.testGetPojo(HttpTests.java:41)
</error>
    <system-out><![CDATA[22:22:01.381 [main] DEBUG org.apache.http.client.protocol.RequestAddCookies - CookieSpec selected: default
22:22:01.381 [main] DEBUG org.apache.http.client.protocol.RequestAuthCache - Auth cache not set in the context
22:22:01.381 [main] DEBUG org.apache.http.impl.conn.PoolingHttpClientConnectionManager - Connection request: [route: {}->http://localhost:80][total kept alive: 0; route allocated: 0 of 2; total allocated: 0 of 20]
22:22:01.381 [main] DEBUG org.apache.http.impl.conn.PoolingHttpClientConnectionManager - Connection leased: [id: 2][route: {}->http://localhost:80][total kept alive: 0; route allocated: 1 of 2; total allocated: 1 of 20]
22:22:01.381 [main] DEBUG org.apache.http.impl.execchain.MainClientExec - Opening connection {}->http://localhost:80
22:22:01.384 [main] DEBUG org.apache.http.impl.conn.DefaultHttpClientConnectionOperator - Connecting to localhost/127.0.0.1:80
22:22:03.397 [main] DEBUG org.apache.http.impl.conn.DefaultHttpClientConnectionOperator - Connect to localhost/127.0.0.1:80 timed out. Connection will be retried using another IP address
22:22:03.397 [main] DEBUG org.apache.http.impl.conn.DefaultHttpClientConnectionOperator - Connecting to localhost/0:0:0:0:0:0:0:1:80
22:22:05.411 [main] DEBUG org.apache.http.impl.conn.DefaultManagedHttpClientConnection - http-outgoing-2: Shutdown connection
22:22:05.411 [main] DEBUG org.apache.http.impl.execchain.MainClientExec - Connection discarded
22:22:05.411 [main] DEBUG org.apache.http.impl.conn.PoolingHttpClientConnectionManager - Connection released: [id: 2][route: {}->http://localhost:80][total kept alive: 0; route allocated: 0 of 2; total allocated: 0 of 20]
]]></system-out>
  </testcase>
</testsuite>